<component name="libraryTable">
  <library name="junit-3.8.1">
    <CLASSES />
    <JAVADOC />
    <SOURCES>
      <root url="jar://$USER_HOME$/.gradle/caches/artifacts-26/filestore/junit/junit/3.8.1/source/525753763e53f6f76da052b316d0f2e3bfa4d73/junit-3.8.1-sources.jar!/" />
    </SOURCES>
  </library>
</component>